[13:10:57] [main/INFO] (FabricLoader/GameProvider) Loading Minecraft 26.1.1 with Fabric Loader 0.18.6
[13:10:57] [main/INFO] (FabricLoader/Mappings) Mappings not present!
[13:10:57] [main/INFO] (FabricLoader) Loading 50 mods:
	- fabric-api 0.145.3+26.1.1
	- fabric-api-base 2.0.3+ece06323b3
	- fabric-api-lookup-api-v1 2.0.10+d5a053b6b3
	- fabric-biome-api-v1 18.0.4+35c80edcb3
	- fabric-block-api-v1 3.0.2+ec56b601b3
	- fabric-block-getter-api-v2 2.0.6+ec56b601b3
	- fabric-client-gametest-api-v1 5.0.14+9c219671b3
	- fabric-command-api-v2 3.0.5+e2bdee78b3
	- fabric-content-registries-v0 11.0.12+d871b99eb3
	- fabric-convention-tags-v2 4.3.2+c37e6e5fb3
	- fabric-crash-report-info-v1 1.0.3+9f78a5a8b3
	- fabric-creative-tab-api-v1 5.0.10+d871b99eb3
	- fabric-data-attachment-api-v1 2.2.3+d602a896b3
	- fabric-data-generation-api-v1 24.0.17+35c80edcb3
	- fabric-debug-api-v1 1.0.1+c792624db3
	- fabric-dimensions-v1 5.1.4+9cbf5da5b3
	- fabric-entity-events-v1 5.0.2+e2bdee78b3
	- fabric-events-interaction-v0 5.1.10+c82f0461b3
	- fabric-game-rule-api-v1 4.0.5+d871b99eb3
	- fabric-gametest-api-v1 4.0.13+00a1fba6b3
	- fabric-item-api-v1 14.1.0+9833182cb3
	- fabric-key-mapping-api-v1 2.0.4+e2bdee78b3
	- fabric-lifecycle-events-v1 4.0.6+a9b9c176b3
	- fabric-loot-api-v3 3.0.11+00a1fba6b3
	- fabric-menu-api-v1 2.0.12+d871b99eb3
	- fabric-message-api-v1 7.0.5+dae8ce3eb3
	- fabric-model-loading-api-v1 8.0.3+c80601bbb3
	- fabric-networking-api-v1 6.3.0+50a808ceb3
	- fabric-object-builder-api-v1 23.0.13+b61fef43b3
	- fabric-particles-v1 5.0.14+b61fef43b3
	- fabric-recipe-api-v1 9.0.13+be4b75aeb3
	- fabric-registry-sync-v0 7.0.12+b61fef43b3
	- fabric-renderer-api-v1 13.0.0+c80601bbb3
	- fabric-renderer-indigo 8.0.1+9c219671b3
	- fabric-rendering-fluids-v1 6.0.1+d871b99eb3
	- fabric-rendering-v1 23.0.4+c7e428fdb3
	- fabric-resource-conditions-api-v1 6.0.5+00a1fba6b3
	- fabric-resource-loader-v0 3.3.16+4fc5413fb3
	- fabric-resource-loader-v1 2.0.9+d871b99eb3
	- fabric-screen-api-v1 5.0.1+d871b99eb3
	- fabric-serialization-api-v1 2.0.3+11a26f31b3
	- fabric-sound-api-v1 2.0.4+11a26f31b3
	- fabric-tag-api-v1 2.0.9+11a26f31b3
	- fabric-transfer-api-v1 8.0.2+d871b99eb3
	- fabric-transitive-access-wideners-v1 8.0.11+d871b99eb3
	- fabricloader 0.18.6
	- java 25
	- minecraft 26.1.1
	- mixinextras 0.5.3
	- modid 1.0.0
[13:10:57] [main/WARN] (FabricLoader/ModRemap) Runtime mod remapping disabled due to no fabric.remapClasspathFile being specified. You may need to update loom.
[13:10:57] [main/INFO] (FabricLoader/Mixin) SpongePowered MIXIN Subsystem Version=0.8.7 Source=file:/C:/Users/males/.gradle/caches/modules-2/files-2.1/net.fabricmc/sponge-mixin/0.17.0+mixin.0.8.7/cf31463202f72d03b0ef1e1e38e8ee71b7faaab6/sponge-mixin-0.17.0+mixin.0.8.7.jar Service=Knot/Fabric Env=CLIENT
[13:10:57] [main/INFO] (FabricLoader/Mixin) Compatibility level set to JAVA_25
[13:10:57] [main/WARN] (FabricLoader/Mixin) Error loading class: net/minecraft/world/entity/monster/EnderMan$ChasePlayerGoal (java.lang.ClassNotFoundException: net/minecraft/world/entity/monster/EnderMan$ChasePlayerGoal)
[13:10:57] [main/WARN] (FabricLoader/Mixin) @Mixin target net.minecraft.world.entity.monster.EnderMan$ChasePlayerGoal was not found modid.mixins.json:mob/EndermanChasePlayerGoalGravityMixin from mod modid
[13:10:57] [main/INFO] (FabricLoader/MixinExtras|Service) Initializing MixinExtras via com.llamalad7.mixinextras.service.MixinExtrasServiceImpl(version=0.5.3).
[13:10:58] [Datafixer Bootstrap/INFO] (Minecraft) 291 Datafixer optimizations took 223 milliseconds
[13:11:02] [Render thread/INFO] (Minecraft) Environment: Environment[sessionHost=https://sessionserver.mojang.com, servicesHost=https://api.minecraftservices.com, profilesHost=https://api.mojang.com, name=PROD]
[13:11:02] [Render thread/INFO] (Minecraft) Setting user: Player770
[13:11:02] [Render thread/INFO] (zemlya) Hello Fabric world! Adding Gravity Wand...
[13:11:02] [Render thread/INFO] (Indigo) [Indigo] Registering Indigo renderer!
[13:11:02] [Render thread/INFO] (Minecraft) Backend library: LWJGL version 3.4.1-snapshot
[13:11:02] [Download-2/ERROR] (Minecraft) Failed to fetch user properties
com.mojang.authlib.exceptions.InvalidCredentialsException: Status: 401
	at knot//com.mojang.authlib.exceptions.MinecraftClientHttpException.toAuthenticationException(MinecraftClientHttpException.java:59)
	at knot//com.mojang.authlib.yggdrasil.YggdrasilUserApiService.fetchProperties(YggdrasilUserApiService.java:150)
	at knot//net.minecraft.client.Minecraft.lambda$new$1(Minecraft.java:459)
	at java.base/java.util.concurrent.CompletableFuture$AsyncSupply.run(CompletableFuture.java:1789)
	at java.base/java.util.concurrent.ThreadPoolExecutor.runWorker(ThreadPoolExecutor.java:1090)
	at java.base/java.util.concurrent.ThreadPoolExecutor$Worker.run(ThreadPoolExecutor.java:614)
	at java.base/java.lang.Thread.run(Thread.java:1474)
Caused by: com.mojang.authlib.exceptions.MinecraftClientHttpException: Status: 401
	at knot//com.mojang.authlib.minecraft.client.MinecraftClient.readInputStream(MinecraftClient.java:103)
	at knot//com.mojang.authlib.minecraft.client.MinecraftClient.get(MinecraftClient.java:56)
	at knot//com.mojang.authlib.yggdrasil.YggdrasilUserApiService.fetchProperties(YggdrasilUserApiService.java:121)
	... 5 more
[13:11:03] [Render thread/INFO] (Minecraft) Using optional rendering extensions: GL_ARB_buffer_storage, GL_KHR_debug, GL_ARB_vertex_attrib_binding, GL_ARB_direct_state_access, GL_EXT_texture_filter_anisotropic
[13:11:03] [Render thread/INFO] (Minecraft) Reloading ResourceManager: vanilla, fabric-api, fabric-api-base, fabric-api-lookup-api-v1, fabric-biome-api-v1, fabric-block-api-v1, fabric-block-getter-api-v2, fabric-client-gametest-api-v1, fabric-command-api-v2, fabric-content-registries-v0, fabric-convention-tags-v2, fabric-crash-report-info-v1, fabric-creative-tab-api-v1, fabric-data-attachment-api-v1, fabric-data-generation-api-v1, fabric-debug-api-v1, fabric-dimensions-v1, fabric-entity-events-v1, fabric-events-interaction-v0, fabric-game-rule-api-v1, fabric-gametest-api-v1, fabric-item-api-v1, fabric-key-mapping-api-v1, fabric-lifecycle-events-v1, fabric-loot-api-v3, fabric-menu-api-v1, fabric-message-api-v1, fabric-model-loading-api-v1, fabric-networking-api-v1, fabric-object-builder-api-v1, fabric-particles-v1, fabric-recipe-api-v1, fabric-registry-sync-v0, fabric-renderer-api-v1, fabric-renderer-indigo, fabric-rendering-fluids-v1, fabric-rendering-v1, fabric-resource-conditions-api-v1, fabric-resource-loader-v0, fabric-resource-loader-v1, fabric-screen-api-v1, fabric-serialization-api-v1, fabric-sound-api-v1, fabric-tag-api-v1, fabric-transfer-api-v1, fabric-transitive-access-wideners-v1, fabricloader, modid
[13:11:03] [Worker-Main-25/INFO] (Minecraft) Found unifont_pua-17.0.01.hex, loading
[13:11:03] [Worker-Main-24/INFO] (Minecraft) Found unifont_all_no_pua-17.0.01.hex, loading
[13:11:03] [Worker-Main-15/INFO] (Minecraft) Found unifont_jp_patch-17.0.01.hex, loading
[13:11:04] [Render thread/INFO] (Minecraft) OpenAL initialized on device OpenAL Soft on Динамики (Razer BlackShark V2 X USB)
[13:11:04] [Render thread/INFO] (Minecraft) Sound engine started
[13:11:04] [Render thread/INFO] (Minecraft) Created: 512x256x0 minecraft:textures/atlas/particles.png-atlas
[13:11:04] [Render thread/INFO] (Minecraft) Created: 128x128x0 minecraft:textures/atlas/decorated_pot.png-atlas
[13:11:04] [Render thread/INFO] (Minecraft) Created: 2048x1024x0 minecraft:textures/atlas/armor_trims.png-atlas
[13:11:04] [Render thread/INFO] (Minecraft) Created: 512x256x0 minecraft:textures/atlas/paintings.png-atlas
[13:11:04] [Render thread/INFO] (Minecraft) Created: 1024x512x0 minecraft:textures/atlas/shield_patterns.png-atlas
[13:11:04] [Render thread/INFO] (Minecraft) Created: 2048x2048x4 minecraft:textures/atlas/blocks.png-atlas
[13:11:04] [Render thread/INFO] (Minecraft) Created: 512x512x0 minecraft:textures/atlas/chest.png-atlas
[13:11:04] [Render thread/INFO] (Minecraft) Created: 256x128x0 minecraft:textures/atlas/celestials.png-atlas
[13:11:04] [Render thread/INFO] (Minecraft) Created: 1024x512x0 minecraft:textures/atlas/banner_patterns.png-atlas
[13:11:04] [Render thread/INFO] (Minecraft) Created: 512x512x0 minecraft:textures/atlas/beds.png-atlas
[13:11:04] [Render thread/INFO] (Minecraft) Created: 1024x512x0 minecraft:textures/atlas/items.png-atlas
[13:11:04] [Download-1/INFO] (Minecraft) Could not authorize you against Realms server: java.lang.RuntimeException: Failed to parse into SignedJWT: FabricMC
[13:11:04] [Download-1/ERROR] (Minecraft) Failed to fetch Realms feature flags
com.mojang.realmsclient.exception.RealmsServiceException: Realms authentication error with message 'java.lang.RuntimeException: Failed to parse into SignedJWT: FabricMC'
	at knot//com.mojang.realmsclient.client.RealmsClient.execute(RealmsClient.java:526)
	at knot//com.mojang.realmsclient.client.RealmsClient.fetchFeatureFlags(RealmsClient.java:186)
	at java.base/java.util.concurrent.CompletableFuture$AsyncSupply.run(CompletableFuture.java:1789)
	at java.base/java.util.concurrent.ThreadPoolExecutor.runWorker(ThreadPoolExecutor.java:1090)
	at java.base/java.util.concurrent.ThreadPoolExecutor$Worker.run(ThreadPoolExecutor.java:614)
	at java.base/java.lang.Thread.run(Thread.java:1474)
[13:11:04] [Render thread/INFO] (Minecraft) Created: 1024x1024x0 minecraft:textures/atlas/gui.png-atlas
[13:11:04] [Render thread/INFO] (Minecraft) Created: 128x64x0 minecraft:textures/atlas/map_decorations.png-atlas
[13:11:04] [Render thread/INFO] (Minecraft) Created: 512x256x0 minecraft:textures/atlas/signs.png-atlas
[13:11:04] [Render thread/INFO] (Minecraft) Created: 512x512x0 minecraft:textures/atlas/shulker_boxes.png-atlas
[13:11:04] [IO-Worker-1/INFO] (Minecraft) Could not authorize you against Realms server: java.lang.RuntimeException: Failed to parse into SignedJWT: FabricMC
[13:11:04] [IO-Worker-1/ERROR] (Minecraft) Couldn't connect to realms
com.mojang.realmsclient.exception.RealmsServiceException: Realms authentication error with message 'java.lang.RuntimeException: Failed to parse into SignedJWT: FabricMC'
	at knot//com.mojang.realmsclient.client.RealmsClient.execute(RealmsClient.java:526)
	at knot//com.mojang.realmsclient.client.RealmsClient.clientCompatible(RealmsClient.java:307)
	at knot//com.mojang.realmsclient.RealmsAvailability.lambda$check$0(RealmsAvailability.java:48)
	at java.base/java.util.concurrent.CompletableFuture$AsyncSupply.run(CompletableFuture.java:1789)
	at java.base/java.util.concurrent.ThreadPoolExecutor.runWorker(ThreadPoolExecutor.java:1090)
	at java.base/java.util.concurrent.ThreadPoolExecutor$Worker.run(ThreadPoolExecutor.java:614)
	at java.base/java.lang.Thread.run(Thread.java:1474)
[13:11:13] [Worker-Main-8/ERROR] (Minecraft) Couldn't parse data file 'modid:block/elhombre_gravity_plate' from 'modid:loot_table/block/elhombre_gravity_plate.json': DataResult.Error['Unknown registry key in ResourceKey[minecraft:root / minecraft:item]: modid:elhombre_gravity_plate': net.minecraft.world.level.storage.loot.LootTable@3b0cde7b]
[13:11:14] [Render thread/INFO] (Minecraft) Loaded 1515 recipes
[13:11:14] [Render thread/INFO] (Minecraft) Loaded 1617 advancements
[13:11:14] [Render thread/INFO] (BiomeModificationImpl) Applied 0 biome modifications to 0 of 65 new biomes in 742.7 μs
[13:11:14] [Server thread/INFO] (Minecraft) Starting integrated minecraft server version 26.1.1
[13:11:14] [Server thread/INFO] (Minecraft) Generating keypair
[13:11:14] [Server thread/INFO] (Minecraft) Loading 0 persistent chunks...
[13:11:14] [Server thread/INFO] (Minecraft) Saving chunks for level 'ServerLevel[New World]'/minecraft:overworld
[13:11:14] [Server thread/INFO] (Minecraft) Saving chunks for level 'ServerLevel[New World]'/minecraft:the_end
[13:11:14] [Server thread/INFO] (Minecraft) Saving chunks for level 'ServerLevel[New World]'/minecraft:the_nether
[13:11:14] [Server thread/INFO] (Minecraft) ThreadedAnvilChunkStorage (world): All chunks are saved
[13:11:14] [Server thread/INFO] (Minecraft) ThreadedAnvilChunkStorage (DIM1): All chunks are saved
[13:11:14] [Server thread/INFO] (Minecraft) ThreadedAnvilChunkStorage (DIM-1): All chunks are saved
[13:11:14] [Server thread/INFO] (Minecraft) ThreadedAnvilChunkStorage: All dimensions are saved
[13:11:15] [Server thread/INFO] (Minecraft) Loading 49 chunks for player spawn...
[13:11:15] [Server thread/INFO] (Minecraft) Preparing spawn area: 16%
[13:11:15] [Server thread/INFO] (Minecraft) Preparing spawn area: 16%
[13:11:15] [Server thread/INFO] (Minecraft) Time elapsed: 723 ms
[13:11:15] [Server thread/INFO] (Minecraft) Player770[local:E:0b685704] logged in with entity id 77 at (-25.696692030038523, 15.0, 292.70128899380114)
[13:11:15] [Server thread/INFO] (Minecraft) Player770 joined the game
[13:11:15] [Server thread/INFO] (Minecraft) Changing view distance to 16, from 10
[13:11:15] [Server thread/INFO] (Minecraft) Changing simulation distance to 12, from 0
[13:11:15] [Render thread/INFO] (Minecraft) Loaded 2 advancements
[13:11:15] [Render thread/INFO] (Minecraft) [STDOUT]: [GravityDebug] Camera setRotation! Gravity=down
[13:11:15] [Render thread/INFO] (Minecraft) Resizing Dynamic Transforms UBO, capacity limit of 2 reached during a single frame. New capacity will be 4.
[13:11:15] [Render thread/INFO] (Minecraft) Resizing Dynamic Transforms UBO, capacity limit of 4 reached during a single frame. New capacity will be 8.
[13:11:15] [Render thread/INFO] (Minecraft) Resizing Chunk Sections UBO, capacity limit of 2 reached during a single frame. New capacity will be 4.
[13:11:16] [Render thread/INFO] (Minecraft) [STDOUT]: [GravityDebug] Camera setRotation! Gravity=down
[13:11:17] [Render thread/INFO] (Minecraft) [STDOUT]: [GravityDebug] Camera setRotation! Gravity=down
[13:11:18] [Render thread/INFO] (Minecraft) Resizing Chunk Sections UBO, capacity limit of 4 reached during a single frame. New capacity will be 8.
[13:11:18] [Render thread/INFO] (Minecraft) [STDOUT]: [GravityDebug] Camera setRotation! Gravity=down
[13:11:19] [Render thread/INFO] (Minecraft) [STDOUT]: [GravityDebug] Camera setRotation! Gravity=down
[13:11:19] [Server thread/INFO] (Minecraft) Player770 was shot by Skeleton
[13:11:19] [Render thread/INFO] (Minecraft) [System] [CHAT] Player770 was shot by Skeleton
[13:11:19] [Render thread/INFO] (Minecraft) Loaded 41 advancements
[13:11:20] [Render thread/INFO] (Minecraft) [STDOUT]: [GravityDebug] Camera setRotation! Gravity=down
[13:11:21] [Render thread/INFO] (Minecraft) Resizing Chunk Sections UBO, capacity limit of 8 reached during a single frame. New capacity will be 16.
[13:11:21] [Render thread/INFO] (Minecraft) Resizing Chunk Sections UBO, capacity limit of 16 reached during a single frame. New capacity will be 32.
[13:11:21] [Render thread/INFO] (Minecraft) Resizing Chunk Sections UBO, capacity limit of 32 reached during a single frame. New capacity will be 64.
[13:11:21] [Render thread/INFO] (Minecraft) Resizing Chunk Sections UBO, capacity limit of 64 reached during a single frame. New capacity will be 128.
[13:11:21] [Render thread/INFO] (Minecraft) Resizing Chunk Sections UBO, capacity limit of 128 reached during a single frame. New capacity will be 256.
[13:11:21] [Render thread/INFO] (Minecraft) Resizing Chunk Sections UBO, capacity limit of 256 reached during a single frame. New capacity will be 512.
[13:11:21] [Render thread/INFO] (Minecraft) Resizing Chunk Sections UBO, capacity limit of 512 reached during a single frame. New capacity will be 1024.
[13:11:21] [Render thread/INFO] (Minecraft) [STDOUT]: [GravityDebug] Camera setRotation! Gravity=down
[13:11:22] [Render thread/INFO] (Minecraft) [STDOUT]: [GravityDebug] Camera setRotation! Gravity=down
[13:11:22] [Render thread/INFO] (Minecraft) Resizing Dynamic Transforms UBO, capacity limit of 8 reached during a single frame. New capacity will be 16.
[13:11:23] [Render thread/INFO] (Minecraft) [STDOUT]: [GravityDebug] Camera setRotation! Gravity=down
[13:11:24] [Render thread/INFO] (Minecraft) [STDOUT]: [GravityDebug] Camera setRotation! Gravity=down
[13:11:25] [Render thread/INFO] (Minecraft) [STDOUT]: [GravityDebug] Camera setRotation! Gravity=down
[13:11:26] [Server thread/INFO] (Minecraft) [Player770: Set own game mode to Creative Mode]
[13:11:26] [Render thread/INFO] (Minecraft) [System] [CHAT] Set own game mode to Creative Mode
[13:11:26] [Server thread/INFO] (Minecraft) Saving and pausing game...
[13:11:26] [Server thread/INFO] (Minecraft) Saving chunks for level 'ServerLevel[New World]'/minecraft:overworld
[13:11:26] [Server thread/INFO] (Minecraft) Saving chunks for level 'ServerLevel[New World]'/minecraft:the_end
[13:11:26] [Server thread/INFO] (Minecraft) Saving chunks for level 'ServerLevel[New World]'/minecraft:the_nether
[13:11:26] [Render thread/INFO] (Minecraft) [STDOUT]: [GravityDebug] Camera setRotation! Gravity=down
[13:11:26] [Render thread/INFO] (Minecraft) Stopping!
[13:11:26] [Server thread/INFO] (Minecraft) Stopping server
[13:11:26] [Server thread/INFO] (Minecraft) Saving players
[13:11:26] [Server thread/INFO] (Minecraft) Player770 lost connection: Disconnected
[13:11:26] [Server thread/INFO] (Minecraft) Player770 left the game
[13:11:26] [Server thread/INFO] (Minecraft) Stopping singleplayer server as player logged out
[13:11:26] [Server thread/INFO] (Minecraft) Saving worlds
[13:11:27] [Server thread/INFO] (Minecraft) Saving chunks for level 'ServerLevel[New World]'/minecraft:overworld
[13:11:27] [Server thread/INFO] (Minecraft) Saving chunks for level 'ServerLevel[New World]'/minecraft:the_end
[13:11:27] [Server thread/INFO] (Minecraft) Saving chunks for level 'ServerLevel[New World]'/minecraft:the_nether
[13:11:27] [Server thread/INFO] (Minecraft) ThreadedAnvilChunkStorage (world): All chunks are saved
[13:11:27] [Server thread/INFO] (Minecraft) ThreadedAnvilChunkStorage (DIM1): All chunks are saved
[13:11:27] [Server thread/INFO] (Minecraft) ThreadedAnvilChunkStorage (DIM-1): All chunks are saved
[13:11:27] [Server thread/INFO] (Minecraft) ThreadedAnvilChunkStorage: All dimensions are saved
